Heap:
 PSYoungGen      total 279552K, used 190336K [0x0000000755f00000, 0x0000000769300000, 0x00000007c0000000)
  eden space 267264K, 66% used [0x0000000755f00000,0x0000000760d5eb68,0x0000000766400000)
  from space 12288K, 95% used [0x0000000768700000,0x0000000769281500,0x0000000769300000)
  to   space 21504K, 0% used [0x0000000766900000,0x0000000766900000,0x0000000767e00000)
 ParOldGen       total 229888K, used 25235K [0x0000000681c00000, 0x000000068fc80000, 0x0000000755f00000)
  object space 229888K, 10% used [0x0000000681c00000,0x00000006834a4d30,0x000000068fc80000)
 Metaspace       used 47640K, capacity 48180K, committed 48512K, reserved 1091584K
  class space    used 5829K, capacity 5972K, committed 6016K, reserved 1048576K
GC Heap History (10 events):
Event: 12.393 GC heap before
{Heap before GC invocations=6 (full 1):
 PSYoungGen      total 137728K, used 131701K [0x0000000755f00000, 0x000000075f500000, 0x00000007c0000000)
  eden space 124416K, 100% used [0x0000000755f00000,0x000000075d880000,0x000000075d880000)
  from space 13312K, 54% used [0x000000075e580000,0x000000075ec9d4c0,0x000000075f280000)
  to   space 13312K, 0% used [0x000000075d880000,0x000000075d880000,0x000000075e580000)
 ParOldGen       total 142848K, used 9251K [0x0000000681c00000, 0x000000068a780000, 0x0000000755f00000)
  object space 142848K, 6% used [0x0000000681c00000,0x0000000682508e00,0x000000068a780000)
 Metaspace       used 31008K, capacity 31384K, committed 31616K, reserved 1077248K
  class space    used 3801K, capacity 3905K, committed 3968K, reserved 1048576K
Event: 12.407 GC heap after
Heap after GC invocations=6 (full 1):
 PSYoungGen      total 137728K, used 13306K [0x0000000755f00000, 0x0000000763400000, 0x00000007c0000000)
  eden space 124416K, 0% used [0x0000000755f00000,0x0000000755f00000,0x000000075d880000)
  from space 13312K, 99% used [0x000000075d880000,0x000000075e57ea40,0x000000075e580000)
  to   space 15360K, 0% used [0x0000000762500000,0x0000000762500000,0x0000000763400000)
 ParOldGen       total 142848K, used 10443K [0x0000000681c00000, 0x000000068a780000, 0x0000000755f00000)
  object space 142848K, 7% used [0x0000000681c00000,0x0000000682632dd8,0x000000068a780000)
 Metaspace       used 31008K, capacity 31384K, committed 31616K, reserved 1077248K
  class space    used 3801K, capacity 3905K, committed 3968K, reserved 1048576K
}
Event: 14.063 GC heap before
{Heap before GC invocations=7 (full 1):
 PSYoungGen      total 137728K, used 137722K [0x0000000755f00000, 0x0000000763400000, 0x00000007c0000000)
  eden space 124416K, 100% used [0x0000000755f00000,0x000000075d880000,0x000000075d880000)
  from space 13312K, 99% used [0x000000075d880000,0x000000075e57ea40,0x000000075e580000)
  to   space 15360K, 0% used [0x0000000762500000,0x0000000762500000,0x0000000763400000)
 ParOldGen       total 142848K, used 10443K [0x0000000681c00000, 0x000000068a780000, 0x0000000755f00000)
  object space 142848K, 7% used [0x0000000681c00000,0x0000000682632dd8,0x000000068a780000)
 Metaspace       used 33590K, capacity 33972K, committed 34304K, reserved 1079296K
  class space    used 4154K, capacity 4267K, committed 4352K, reserved 1048576K
Event: 14.086 GC heap after
Heap after GC invocations=7 (full 1):
 PSYoungGen      total 199168K, used 15334K [0x0000000755f00000, 0x0000000763f80000, 0x00000007c0000000)
  eden space 183808K, 0% used [0x0000000755f00000,0x0000000755f00000,0x0000000761280000)
  from space 15360K, 99% used [0x0000000762500000,0x00000007633f9a08,0x0000000763400000)
  to   space 18944K, 0% used [0x0000000761280000,0x0000000761280000,0x0000000762500000)
 ParOldGen       total 142848K, used 12909K [0x0000000681c00000, 0x000000068a780000, 0x0000000755f00000)
  object space 142848K, 9% used [0x0000000681c00000,0x000000068289b5c0,0x000000068a780000)
 Metaspace       used 33590K, capacity 33972K, committed 34304K, reserved 1079296K
  class space    used 4154K, capacity 4267K, committed 4352K, reserved 1048576K
}
Event: 18.495 GC heap before
{Heap before GC invocations=8 (full 1):
 PSYoungGen      total 199168K, used 110987K [0x0000000755f00000, 0x0000000763f80000, 0x00000007c0000000)
  eden space 183808K, 52% used [0x0000000755f00000,0x000000075bc692e0,0x0000000761280000)
  from space 15360K, 99% used [0x0000000762500000,0x00000007633f9a08,0x0000000763400000)
  to   space 18944K, 0% used [0x0000000761280000,0x0000000761280000,0x0000000762500000)
 ParOldGen       total 142848K, used 12909K [0x0000000681c00000, 0x000000068a780000, 0x0000000755f00000)
  object space 142848K, 9% used [0x0000000681c00000,0x000000068289b5c0,0x000000068a780000)
 Metaspace       used 34833K, capacity 35224K, committed 35456K, reserved 1081344K
  class space    used 4287K, capacity 4401K, committed 4480K, reserved 1048576K
Event: 18.530 GC heap after
Heap after GC invocations=8 (full 1):
 PSYoungGen      total 202752K, used 18918K [0x0000000755f00000, 0x0000000769d00000, 0x00000007c0000000)
  eden space 183808K, 0% used [0x0000000755f00000,0x0000000755f00000,0x0000000761280000)
  from space 18944K, 99% used [0x0000000761280000,0x00000007624f9a08,0x0000000762500000)
  to   space 22528K, 0% used [0x0000000768700000,0x0000000768700000,0x0000000769d00000)
 ParOldGen       total 142848K, used 13610K [0x0000000681c00000, 0x000000068a780000, 0x0000000755f00000)
  object space 142848K, 9% used [0x0000000681c00000,0x000000068294aaf0,0x000000068a780000)
 Metaspace       used 34833K, capacity 35224K, committed 35456K, reserved 1081344K
  class space    used 4287K, capacity 4401K, committed 4480K, reserved 1048576K
}
Event: 18.530 GC heap before
{Heap before GC invocations=9 (full 2):
 PSYoungGen      total 202752K, used 18918K [0x0000000755f00000, 0x0000000769d00000, 0x00000007c0000000)
  eden space 183808K, 0% used [0x0000000755f00000,0x0000000755f00000,0x0000000761280000)
  from space 18944K, 99% used [0x0000000761280000,0x00000007624f9a08,0x0000000762500000)
  to   space 22528K, 0% used [0x0000000768700000,0x0000000768700000,0x0000000769d00000)
 ParOldGen       total 142848K, used 13610K [0x0000000681c00000, 0x000000068a780000, 0x0000000755f00000)
  object space 142848K, 9% used [0x0000000681c00000,0x000000068294aaf0,0x000000068a780000)
 Metaspace       used 34833K, capacity 35224K, committed 35456K, reserved 1081344K
  class space    used 4287K, capacity 4401K, committed 4480K, reserved 1048576K
Event: 18.678 GC heap after
Heap after GC invocations=9 (full 2):
 PSYoungGen      total 202752K, used 0K [0x0000000755f00000, 0x0000000769d00000, 0x00000007c0000000)
  eden space 183808K, 0% used [0x0000000755f00000,0x0000000755f00000,0x0000000761280000)
  from space 18944K, 0% used [0x0000000761280000,0x0000000761280000,0x0000000762500000)
  to   space 22528K, 0% used [0x0000000768700000,0x0000000768700000,0x0000000769d00000)
 ParOldGen       total 229888K, used 25227K [0x0000000681c00000, 0x000000068fc80000, 0x0000000755f00000)
  object space 229888K, 10% used [0x0000000681c00000,0x00000006834a2d30,0x000000068fc80000)
 Metaspace       used 34833K, capacity 35224K, committed 35456K, reserved 1081344K
  class space    used 4287K, capacity 4401K, committed 4480K, reserved 1048576K
}
Event: 22.477 GC heap before
{Heap before GC invocations=10 (full 2):
 PSYoungGen      total 202752K, used 183808K [0x0000000755f00000, 0x0000000769d00000, 0x00000007c0000000)
  eden space 183808K, 100% used [0x0000000755f00000,0x0000000761280000,0x0000000761280000)
  from space 18944K, 0% used [0x0000000761280000,0x0000000761280000,0x0000000762500000)
  to   space 22528K, 0% used [0x0000000768700000,0x0000000768700000,0x0000000769d00000)
 ParOldGen       total 229888K, used 25227K [0x0000000681c00000, 0x000000068fc80000, 0x0000000755f00000)
  object space 229888K, 10% used [0x0000000681c00000,0x00000006834a2d30,0x000000068fc80000)
 Metaspace       used 42022K, capacity 42518K, committed 42880K, reserved 1087488K
  class space    used 5242K, capacity 5379K, committed 5504K, reserved 1048576K
Event: 22.500 GC heap after
Heap after GC invocations=10 (full 2):
 PSYoungGen      total 279552K, used 11781K [0x0000000755f00000, 0x0000000769300000, 0x00000007c0000000)
  eden space 267264K, 0% used [0x0000000755f00000,0x0000000755f00000,0x0000000766400000)
  from space 12288K, 95% used [0x0000000768700000,0x0000000769281500,0x0000000769300000)
  to   space 21504K, 0% used [0x0000000766900000,0x0000000766900000,0x0000000767e00000)
 ParOldGen       total 229888K, used 25235K [0x0000000681c00000, 0x000000068fc80000, 0x0000000755f00000)
  object space 229888K, 10% used [0x0000000681c00000,0x00000006834a4d30,0x000000068fc80000)
 Metaspace       used 42022K, capacity 42518K, committed 42880K, reserved 1087488K
  class space    used 5242K, capacity 5379K, committed 5504K, reserved 1048576K
}

