# JRE version: Java(TM) SE Runtime Environment (8.0_71-b15) (build 1.8.0_71-b15)
# Java VM: Java HotSpot(TM) 64-Bit Server VM (25.71-b15 mixed mode windows-amd64 compressed oops)
Heap:
 PSYoungGen      total 281600K, used 129551K [0x0000000755f00000, 0x0000000768d00000, 0x00000007c0000000)
  eden space 262144K, 42% used [0x0000000755f00000,0x000000075cac2668,0x0000000765f00000)
  from space 19456K, 98% used [0x0000000766680000,0x0000000767941968,0x0000000767980000)
  to   space 19968K, 0% used [0x0000000767980000,0x0000000767980000,0x0000000768d00000)
 ParOldGen       total 217088K, used 24855K [0x0000000681c00000, 0x000000068f000000, 0x0000000755f00000)
  object space 217088K, 11% used [0x0000000681c00000,0x0000000683445ea0,0x000000068f000000)
 Metaspace       used 55131K, capacity 55886K, committed 56232K, reserved 1097728K
  class space    used 6789K, capacity 6968K, committed 7080K, reserved 1048576K
GC Heap History (10 events):
Event: 17.728 GC heap before
{Heap before GC invocations=7 (full 1):
 PSYoungGen      total 139776K, used 126107K [0x0000000755f00000, 0x0000000763c00000, 0x00000007c0000000)
  eden space 126464K, 89% used [0x0000000755f00000,0x000000075cd28758,0x000000075da80000)
  from space 13312K, 99% used [0x000000075da80000,0x000000075e77e7a0,0x000000075e780000)
  to   space 15872K, 0% used [0x0000000762c80000,0x0000000762c80000,0x0000000763c00000)
 ParOldGen       total 133120K, used 10598K [0x0000000681c00000, 0x0000000689e00000, 0x0000000755f00000)
  object space 133120K, 7% used [0x0000000681c00000,0x0000000682659810,0x0000000689e00000)
 Metaspace       used 34935K, capacity 35278K, committed 35496K, reserved 1081344K
  class space    used 4346K, capacity 4454K, committed 4520K, reserved 1048576K
Event: 17.756 GC heap after
Heap after GC invocations=7 (full 1):
 PSYoungGen      total 205824K, used 15864K [0x0000000755f00000, 0x0000000764c80000, 0x00000007c0000000)
  eden space 189952K, 0% used [0x0000000755f00000,0x0000000755f00000,0x0000000761880000)
  from space 15872K, 99% used [0x0000000762c80000,0x0000000763bfe1a0,0x0000000763c00000)
  to   space 20480K, 0% used [0x0000000761880000,0x0000000761880000,0x0000000762c80000)
 ParOldGen       total 133120K, used 14589K [0x0000000681c00000, 0x0000000689e00000, 0x0000000755f00000)
  object space 133120K, 10% used [0x0000000681c00000,0x0000000682a3f600,0x0000000689e00000)
 Metaspace       used 34935K, capacity 35278K, committed 35496K, reserved 1081344K
  class space    used 4346K, capacity 4454K, committed 4520K, reserved 1048576K
}
Event: 17.756 GC heap before
{Heap before GC invocations=8 (full 2):
 PSYoungGen      total 205824K, used 15864K [0x0000000755f00000, 0x0000000764c80000, 0x00000007c0000000)
  eden space 189952K, 0% used [0x0000000755f00000,0x0000000755f00000,0x0000000761880000)
  from space 15872K, 99% used [0x0000000762c80000,0x0000000763bfe1a0,0x0000000763c00000)
  to   space 20480K, 0% used [0x0000000761880000,0x0000000761880000,0x0000000762c80000)
 ParOldGen       total 133120K, used 14589K [0x0000000681c00000, 0x0000000689e00000, 0x0000000755f00000)
  object space 133120K, 10% used [0x0000000681c00000,0x0000000682a3f600,0x0000000689e00000)
 Metaspace       used 34935K, capacity 35278K, committed 35496K, reserved 1081344K
  class space    used 4346K, capacity 4454K, committed 4520K, reserved 1048576K
Event: 17.862 GC heap after
Heap after GC invocations=8 (full 2):
 PSYoungGen      total 205824K, used 0K [0x0000000755f00000, 0x0000000764c80000, 0x00000007c0000000)
  eden space 189952K, 0% used [0x0000000755f00000,0x0000000755f00000,0x0000000761880000)
  from space 15872K, 0% used [0x0000000762c80000,0x0000000762c80000,0x0000000763c00000)
  to   space 20480K, 0% used [0x0000000761880000,0x0000000761880000,0x0000000762c80000)
 ParOldGen       total 217088K, used 24823K [0x0000000681c00000, 0x000000068f000000, 0x0000000755f00000)
  object space 217088K, 11% used [0x0000000681c00000,0x000000068343dea0,0x000000068f000000)
 Metaspace       used 34935K, capacity 35278K, committed 35496K, reserved 1081344K
  class space    used 4346K, capacity 4454K, committed 4520K, reserved 1048576K
}
Event: 23.510 GC heap before
{Heap before GC invocations=9 (full 2):
 PSYoungGen      total 205824K, used 189952K [0x0000000755f00000, 0x0000000764c80000, 0x00000007c0000000)
  eden space 189952K, 100% used [0x0000000755f00000,0x0000000761880000,0x0000000761880000)
  from space 15872K, 0% used [0x0000000762c80000,0x0000000762c80000,0x0000000763c00000)
  to   space 20480K, 0% used [0x0000000761880000,0x0000000761880000,0x0000000762c80000)
 ParOldGen       total 217088K, used 24823K [0x0000000681c00000, 0x000000068f000000, 0x0000000755f00000)
  object space 217088K, 11% used [0x0000000681c00000,0x000000068343dea0,0x000000068f000000)
 Metaspace       used 40109K, capacity 40558K, committed 40872K, reserved 1085440K
  class space    used 5111K, capacity 5222K, committed 5288K, reserved 1048576K
Event: 23.533 GC heap after
Heap after GC invocations=9 (full 2):
 PSYoungGen      total 210432K, used 9441K [0x0000000755f00000, 0x0000000769180000, 0x00000007c0000000)
  eden space 189952K, 0% used [0x0000000755f00000,0x0000000755f00000,0x0000000761880000)
  from space 20480K, 46% used [0x0000000761880000,0x00000007621b8588,0x0000000762c80000)
  to   space 19456K, 0% used [0x0000000767e80000,0x0000000767e80000,0x0000000769180000)
 ParOldGen       total 217088K, used 24831K [0x0000000681c00000, 0x000000068f000000, 0x0000000755f00000)
  object space 217088K, 11% used [0x0000000681c00000,0x000000068343fea0,0x000000068f000000)
 Metaspace       used 40109K, capacity 40558K, committed 40872K, reserved 1085440K
  class space    used 5111K, capacity 5222K, committed 5288K, reserved 1048576K
}
Event: 30.334 GC heap before
{Heap before GC invocations=10 (full 2):
 PSYoungGen      total 210432K, used 199393K [0x0000000755f00000, 0x0000000769180000, 0x00000007c0000000)
  eden space 189952K, 100% used [0x0000000755f00000,0x0000000761880000,0x0000000761880000)
  from space 20480K, 46% used [0x0000000761880000,0x00000007621b8588,0x0000000762c80000)
  to   space 19456K, 0% used [0x0000000767e80000,0x0000000767e80000,0x0000000769180000)
 ParOldGen       total 217088K, used 24831K [0x0000000681c00000, 0x000000068f000000, 0x0000000755f00000)
  object space 217088K, 11% used [0x0000000681c00000,0x000000068343fea0,0x000000068f000000)
 Metaspace       used 46732K, capacity 47292K, committed 47656K, reserved 1091584K
  class space    used 5993K, capacity 6144K, committed 6184K, reserved 1048576K
Event: 30.361 GC heap after
Heap after GC invocations=10 (full 2):
 PSYoungGen      total 288256K, used 18029K [0x0000000755f00000, 0x0000000769080000, 0x00000007c0000000)
  eden space 269824K, 0% used [0x0000000755f00000,0x0000000755f00000,0x0000000766680000)
  from space 18432K, 97% used [0x0000000767e80000,0x000000076901b6e0,0x0000000769080000)
  to   space 21504K, 0% used [0x0000000766680000,0x0000000766680000,0x0000000767b80000)
 ParOldGen       total 217088K, used 24839K [0x0000000681c00000, 0x000000068f000000, 0x0000000755f00000)
  object space 217088K, 11% used [0x0000000681c00000,0x0000000683441ea0,0x000000068f000000)
 Metaspace       used 46732K, capacity 47292K, committed 47656K, reserved 1091584K
  class space    used 5993K, capacity 6144K, committed 6184K, reserved 1048576K
}
Event: 66905.400 GC heap before
{Heap before GC invocations=11 (full 2):
 PSYoungGen      total 288256K, used 287853K [0x0000000755f00000, 0x0000000769080000, 0x00000007c0000000)
  eden space 269824K, 100% used [0x0000000755f00000,0x0000000766680000,0x0000000766680000)
  from space 18432K, 97% used [0x0000000767e80000,0x000000076901b6e0,0x0000000769080000)
  to   space 21504K, 0% used [0x0000000766680000,0x0000000766680000,0x0000000767b80000)
 ParOldGen       total 217088K, used 24839K [0x0000000681c00000, 0x000000068f000000, 0x0000000755f00000)
  object space 217088K, 11% used [0x0000000681c00000,0x0000000683441ea0,0x000000068f000000)
 Metaspace       used 55055K, capacity 55758K, committed 55976K, reserved 1097728K
  class space    used 6788K, capacity 6968K, committed 7080K, reserved 1048576K
Event: 66905.612 GC heap after
Heap after GC invocations=11 (full 2):
 PSYoungGen      total 281600K, used 19206K [0x0000000755f00000, 0x0000000768d00000, 0x00000007c0000000)
  eden space 262144K, 0% used [0x0000000755f00000,0x0000000755f00000,0x0000000765f00000)
  from space 19456K, 98% used [0x0000000766680000,0x0000000767941968,0x0000000767980000)
  to   space 19968K, 0% used [0x0000000767980000,0x0000000767980000,0x0000000768d00000)
 ParOldGen       total 217088K, used 24855K [0x0000000681c00000, 0x000000068f000000, 0x0000000755f00000)
  object space 217088K, 11% used [0x0000000681c00000,0x0000000683445ea0,0x000000068f000000)
 Metaspace       used 55055K, capacity 55758K, committed 55976K, reserved 1097728K
  class space    used 6788K, capacity 6968K, committed 7080K, reserved 1048576K
}

